\BOOKMARK [0][-]{chapter.1}{Introduction}{}% 1
\BOOKMARK [1][-]{section.1.1}{Diffractive interactions in pp collisions}{chapter.1}% 2
\BOOKMARK [1][-]{section.1.2}{Baryon number transfer}{chapter.1}% 3
\BOOKMARK [0][-]{chapter.2}{Data set}{}% 4
\BOOKMARK [1][-]{section.2.1}{Bad runs}{chapter.2}% 5
\BOOKMARK [0][-]{chapter.3}{Analysis}{}% 6
\BOOKMARK [1][-]{section.3.1}{Forward proton selection}{chapter.3}% 7
\BOOKMARK [1][-]{section.3.2}{Event and track selection}{chapter.3}% 8
\BOOKMARK [2][-]{subsection.3.2.1}{Event selection}{section.3.2}% 9
\BOOKMARK [2][-]{subsection.3.2.2}{Track selection}{section.3.2}% 10
\BOOKMARK [1][-]{section.3.3}{Accidental background study}{chapter.3}% 11
\BOOKMARK [2][-]{subsection.3.3.1}{Proton overlay probability}{section.3.3}% 12
\BOOKMARK [2][-]{subsection.3.3.2}{Accidental background in SD}{section.3.3}% 13
\BOOKMARK [2][-]{subsection.3.3.3}{Accidental background in CD}{section.3.3}% 14
\BOOKMARK [2][-]{subsection.3.3.4}{TPC related distributions with additional proton selection cuts}{section.3.3}% 15
\BOOKMARK [1][-]{section.3.4}{Particle Identification}{chapter.3}% 16
\BOOKMARK [0][-]{chapter.4}{Acceptance and Efficiency}{}% 17
\BOOKMARK [0][-]{chapter.5}{Systematic uncertainty study}{}% 18
\BOOKMARK [0][-]{chapter.6}{Results}{}% 19
\BOOKMARK [0][-]{chapter.6}{References}{}% 20
